ARM GAS  /tmp/ccZY7pGg.s 			page 1


   1              		.cpu cortex-m3
   2              		.eabi_attribute 20, 1
   3              		.eabi_attribute 21, 1
   4              		.eabi_attribute 23, 3
   5              		.eabi_attribute 24, 1
   6              		.eabi_attribute 25, 1
   7              		.eabi_attribute 26, 1
   8              		.eabi_attribute 30, 1
   9              		.eabi_attribute 34, 1
  10              		.eabi_attribute 18, 4
  11              		.file	"stm32f1xx_hal_msp.c"
  12              		.text
  13              	.Ltext0:
  14              		.cfi_sections	.debug_frame
  15              		.section	.text.HAL_MspInit,"ax",%progbits
  16              		.align	1
  17              		.global	HAL_MspInit
  18              		.arch armv7-m
  19              		.syntax unified
  20              		.thumb
  21              		.thumb_func
  22              		.fpu softvfp
  24              	HAL_MspInit:
  25              	.LFB584:
  26              		.file 1 "Src/stm32f1xx_hal_msp.c"
   1:Src/stm32f1xx_hal_msp.c **** /**
   2:Src/stm32f1xx_hal_msp.c ****   ******************************************************************************
   3:Src/stm32f1xx_hal_msp.c ****   * File Name          : stm32f1xx_hal_msp.c
   4:Src/stm32f1xx_hal_msp.c ****   * Description        : This file provides code for the MSP Initialization 
   5:Src/stm32f1xx_hal_msp.c ****   *                      and de-Initialization codes.
   6:Src/stm32f1xx_hal_msp.c ****   ******************************************************************************
   7:Src/stm32f1xx_hal_msp.c ****   * This notice applies to any and all portions of this file
   8:Src/stm32f1xx_hal_msp.c ****   * that are not between comment pairs USER CODE BEGIN and
   9:Src/stm32f1xx_hal_msp.c ****   * USER CODE END. Other portions of this file, whether 
  10:Src/stm32f1xx_hal_msp.c ****   * inserted by the user or by software development tools
  11:Src/stm32f1xx_hal_msp.c ****   * are owned by their respective copyright owners.
  12:Src/stm32f1xx_hal_msp.c ****   *
  13:Src/stm32f1xx_hal_msp.c ****   * Copyright (c) 2018 STMicroelectronics International N.V. 
  14:Src/stm32f1xx_hal_msp.c ****   * All rights reserved.
  15:Src/stm32f1xx_hal_msp.c ****   *
  16:Src/stm32f1xx_hal_msp.c ****   * Redistribution and use in source and binary forms, with or without 
  17:Src/stm32f1xx_hal_msp.c ****   * modification, are permitted, provided that the following conditions are met:
  18:Src/stm32f1xx_hal_msp.c ****   *
  19:Src/stm32f1xx_hal_msp.c ****   * 1. Redistribution of source code must retain the above copyright notice, 
  20:Src/stm32f1xx_hal_msp.c ****   *    this list of conditions and the following disclaimer.
  21:Src/stm32f1xx_hal_msp.c ****   * 2. Redistributions in binary form must reproduce the above copyright notice,
  22:Src/stm32f1xx_hal_msp.c ****   *    this list of conditions and the following disclaimer in the documentation
  23:Src/stm32f1xx_hal_msp.c ****   *    and/or other materials provided with the distribution.
  24:Src/stm32f1xx_hal_msp.c ****   * 3. Neither the name of STMicroelectronics nor the names of other 
  25:Src/stm32f1xx_hal_msp.c ****   *    contributors to this software may be used to endorse or promote products 
  26:Src/stm32f1xx_hal_msp.c ****   *    derived from this software without specific written permission.
  27:Src/stm32f1xx_hal_msp.c ****   * 4. This software, including modifications and/or derivative works of this 
  28:Src/stm32f1xx_hal_msp.c ****   *    software, must execute solely and exclusively on microcontroller or
  29:Src/stm32f1xx_hal_msp.c ****   *    microprocessor devices manufactured by or for STMicroelectronics.
  30:Src/stm32f1xx_hal_msp.c ****   * 5. Redistribution and use of this software other than as permitted under 
  31:Src/stm32f1xx_hal_msp.c ****   *    this license is void and will automatically terminate your rights under 
  32:Src/stm32f1xx_hal_msp.c ****   *    this license. 
ARM GAS  /tmp/ccZY7pGg.s 			page 2


  33:Src/stm32f1xx_hal_msp.c ****   *
  34:Src/stm32f1xx_hal_msp.c ****   * THIS SOFTWARE IS PROVIDED BY STMICROELECTRONICS AND CONTRIBUTORS "AS IS" 
  35:Src/stm32f1xx_hal_msp.c ****   * AND ANY EXPRESS, IMPLIED OR STATUTORY WARRANTIES, INCLUDING, BUT NOT 
  36:Src/stm32f1xx_hal_msp.c ****   * LIMITED TO, THE IMPLIED WARRANTIES OF MERCHANTABILITY, FITNESS FOR A 
  37:Src/stm32f1xx_hal_msp.c ****   * PARTICULAR PURPOSE AND NON-INFRINGEMENT OF THIRD PARTY INTELLECTUAL PROPERTY
  38:Src/stm32f1xx_hal_msp.c ****   * RIGHTS ARE DISCLAIMED TO THE FULLEST EXTENT PERMITTED BY LAW. IN NO EVENT 
  39:Src/stm32f1xx_hal_msp.c ****   * SHALL STMICROELECTRONICS OR CONTRIBUTORS BE LIABLE FOR ANY DIRECT, INDIRECT,
  40:Src/stm32f1xx_hal_msp.c ****   * INCIDENTAL, SPECIAL, EXEMPLARY, OR CONSEQUENTIAL DAMAGES (INCLUDING, BUT NOT
  41:Src/stm32f1xx_hal_msp.c ****   * LIMITED TO, PROCUREMENT OF SUBSTITUTE GOODS OR SERVICES; LOSS OF USE, DATA, 
  42:Src/stm32f1xx_hal_msp.c ****   * OR PROFITS; OR BUSINESS INTERRUPTION) HOWEVER CAUSED AND ON ANY THEORY OF 
  43:Src/stm32f1xx_hal_msp.c ****   * LIABILITY, WHETHER IN CONTRACT, STRICT LIABILITY, OR TORT (INCLUDING 
  44:Src/stm32f1xx_hal_msp.c ****   * NEGLIGENCE OR OTHERWISE) ARISING IN ANY WAY OUT OF THE USE OF THIS SOFTWARE,
  45:Src/stm32f1xx_hal_msp.c ****   * EVEN IF ADVISED OF THE POSSIBILITY OF SUCH DAMAGE.
  46:Src/stm32f1xx_hal_msp.c ****   *
  47:Src/stm32f1xx_hal_msp.c ****   ******************************************************************************
  48:Src/stm32f1xx_hal_msp.c ****   */
  49:Src/stm32f1xx_hal_msp.c **** /* Includes ------------------------------------------------------------------*/
  50:Src/stm32f1xx_hal_msp.c **** #include "stm32f1xx_hal.h"
  51:Src/stm32f1xx_hal_msp.c **** 
  52:Src/stm32f1xx_hal_msp.c **** extern void _Error_Handler(char *, int);
  53:Src/stm32f1xx_hal_msp.c **** /* USER CODE BEGIN 0 */
  54:Src/stm32f1xx_hal_msp.c **** 
  55:Src/stm32f1xx_hal_msp.c **** /* USER CODE END 0 */
  56:Src/stm32f1xx_hal_msp.c **** /**
  57:Src/stm32f1xx_hal_msp.c ****   * Initializes the Global MSP.
  58:Src/stm32f1xx_hal_msp.c ****   */
  59:Src/stm32f1xx_hal_msp.c **** void HAL_MspInit(void)
  60:Src/stm32f1xx_hal_msp.c **** {
  27              		.loc 1 60 1 view -0
  28              		.cfi_startproc
  29              		@ args = 0, pretend = 0, frame = 8
  30              		@ frame_needed = 0, uses_anonymous_args = 0
  31 0000 00B5     		push	{lr}
  32              	.LCFI0:
  33              		.cfi_def_cfa_offset 4
  34              		.cfi_offset 14, -4
  35 0002 83B0     		sub	sp, sp, #12
  36              	.LCFI1:
  37              		.cfi_def_cfa_offset 16
  61:Src/stm32f1xx_hal_msp.c ****   /* USER CODE BEGIN MspInit 0 */
  62:Src/stm32f1xx_hal_msp.c **** 
  63:Src/stm32f1xx_hal_msp.c ****   /* USER CODE END MspInit 0 */
  64:Src/stm32f1xx_hal_msp.c **** 
  65:Src/stm32f1xx_hal_msp.c ****   __HAL_RCC_AFIO_CLK_ENABLE();
  38              		.loc 1 65 3 view .LVU1
  39              	.LBB2:
  40              		.loc 1 65 3 view .LVU2
  41              		.loc 1 65 3 view .LVU3
  42 0004 204B     		ldr	r3, .L3
  43 0006 9A69     		ldr	r2, [r3, #24]
  44 0008 42F00102 		orr	r2, r2, #1
  45 000c 9A61     		str	r2, [r3, #24]
  46              		.loc 1 65 3 view .LVU4
  47 000e 9B69     		ldr	r3, [r3, #24]
  48 0010 03F00103 		and	r3, r3, #1
  49 0014 0193     		str	r3, [sp, #4]
  50              		.loc 1 65 3 view .LVU5
ARM GAS  /tmp/ccZY7pGg.s 			page 3


  51 0016 019B     		ldr	r3, [sp, #4]
  52              	.LBE2:
  66:Src/stm32f1xx_hal_msp.c **** 
  67:Src/stm32f1xx_hal_msp.c ****   HAL_NVIC_SetPriorityGrouping(NVIC_PRIORITYGROUP_4);
  53              		.loc 1 67 3 view .LVU6
  54 0018 0320     		movs	r0, #3
  55 001a FFF7FEFF 		bl	HAL_NVIC_SetPriorityGrouping
  56              	.LVL0:
  68:Src/stm32f1xx_hal_msp.c **** 
  69:Src/stm32f1xx_hal_msp.c ****   /* System interrupt init*/
  70:Src/stm32f1xx_hal_msp.c ****   /* MemoryManagement_IRQn interrupt configuration */
  71:Src/stm32f1xx_hal_msp.c ****   HAL_NVIC_SetPriority(MemoryManagement_IRQn, 0, 0);
  57              		.loc 1 71 3 view .LVU7
  58 001e 0022     		movs	r2, #0
  59 0020 1146     		mov	r1, r2
  60 0022 6FF00B00 		mvn	r0, #11
  61 0026 FFF7FEFF 		bl	HAL_NVIC_SetPriority
  62              	.LVL1:
  72:Src/stm32f1xx_hal_msp.c ****   /* BusFault_IRQn interrupt configuration */
  73:Src/stm32f1xx_hal_msp.c ****   HAL_NVIC_SetPriority(BusFault_IRQn, 0, 0);
  63              		.loc 1 73 3 view .LVU8
  64 002a 0022     		movs	r2, #0
  65 002c 1146     		mov	r1, r2
  66 002e 6FF00A00 		mvn	r0, #10
  67 0032 FFF7FEFF 		bl	HAL_NVIC_SetPriority
  68              	.LVL2:
  74:Src/stm32f1xx_hal_msp.c ****   /* UsageFault_IRQn interrupt configuration */
  75:Src/stm32f1xx_hal_msp.c ****   HAL_NVIC_SetPriority(UsageFault_IRQn, 0, 0);
  69              		.loc 1 75 3 view .LVU9
  70 0036 0022     		movs	r2, #0
  71 0038 1146     		mov	r1, r2
  72 003a 6FF00900 		mvn	r0, #9
  73 003e FFF7FEFF 		bl	HAL_NVIC_SetPriority
  74              	.LVL3:
  76:Src/stm32f1xx_hal_msp.c ****   /* SVCall_IRQn interrupt configuration */
  77:Src/stm32f1xx_hal_msp.c ****   HAL_NVIC_SetPriority(SVCall_IRQn, 0, 0);
  75              		.loc 1 77 3 view .LVU10
  76 0042 0022     		movs	r2, #0
  77 0044 1146     		mov	r1, r2
  78 0046 6FF00400 		mvn	r0, #4
  79 004a FFF7FEFF 		bl	HAL_NVIC_SetPriority
  80              	.LVL4:
  78:Src/stm32f1xx_hal_msp.c ****   /* DebugMonitor_IRQn interrupt configuration */
  79:Src/stm32f1xx_hal_msp.c ****   HAL_NVIC_SetPriority(DebugMonitor_IRQn, 0, 0);
  81              		.loc 1 79 3 view .LVU11
  82 004e 0022     		movs	r2, #0
  83 0050 1146     		mov	r1, r2
  84 0052 6FF00300 		mvn	r0, #3
  85 0056 FFF7FEFF 		bl	HAL_NVIC_SetPriority
  86              	.LVL5:
  80:Src/stm32f1xx_hal_msp.c ****   /* PendSV_IRQn interrupt configuration */
  81:Src/stm32f1xx_hal_msp.c ****   HAL_NVIC_SetPriority(PendSV_IRQn, 15, 0);
  87              		.loc 1 81 3 view .LVU12
  88 005a 0022     		movs	r2, #0
  89 005c 0F21     		movs	r1, #15
  90 005e 6FF00100 		mvn	r0, #1
  91 0062 FFF7FEFF 		bl	HAL_NVIC_SetPriority
ARM GAS  /tmp/ccZY7pGg.s 			page 4


  92              	.LVL6:
  82:Src/stm32f1xx_hal_msp.c ****   /* SysTick_IRQn interrupt configuration */
  83:Src/stm32f1xx_hal_msp.c ****   HAL_NVIC_SetPriority(SysTick_IRQn, 15, 0);
  93              		.loc 1 83 3 view .LVU13
  94 0066 0022     		movs	r2, #0
  95 0068 0F21     		movs	r1, #15
  96 006a 4FF0FF30 		mov	r0, #-1
  97 006e FFF7FEFF 		bl	HAL_NVIC_SetPriority
  98              	.LVL7:
  84:Src/stm32f1xx_hal_msp.c **** 
  85:Src/stm32f1xx_hal_msp.c ****     /**DISABLE: JTAG-DP Disabled and SW-DP Disabled 
  86:Src/stm32f1xx_hal_msp.c ****     */
  87:Src/stm32f1xx_hal_msp.c ****   __HAL_AFIO_REMAP_SWJ_DISABLE();
  99              		.loc 1 87 3 view .LVU14
 100              	.LBB3:
 101              		.loc 1 87 3 view .LVU15
 102 0072 064A     		ldr	r2, .L3+4
 103 0074 5368     		ldr	r3, [r2, #4]
 104              	.LVL8:
 105              		.loc 1 87 3 view .LVU16
 106 0076 23F0E063 		bic	r3, r3, #117440512
 107              	.LVL9:
 108              		.loc 1 87 3 view .LVU17
 109 007a 43F08063 		orr	r3, r3, #67108864
 110              	.LVL10:
 111              		.loc 1 87 3 view .LVU18
 112 007e 5360     		str	r3, [r2, #4]
 113              	.LBE3:
  88:Src/stm32f1xx_hal_msp.c **** 
  89:Src/stm32f1xx_hal_msp.c ****   /* USER CODE BEGIN MspInit 1 */
  90:Src/stm32f1xx_hal_msp.c **** 
  91:Src/stm32f1xx_hal_msp.c ****   /* USER CODE END MspInit 1 */
  92:Src/stm32f1xx_hal_msp.c **** }
 114              		.loc 1 92 1 is_stmt 0 view .LVU19
 115 0080 03B0     		add	sp, sp, #12
 116              	.LCFI2:
 117              		.cfi_def_cfa_offset 4
 118              		@ sp needed
 119 0082 5DF804FB 		ldr	pc, [sp], #4
 120              	.L4:
 121 0086 00BF     		.align	2
 122              	.L3:
 123 0088 00100240 		.word	1073876992
 124 008c 00000140 		.word	1073807360
 125              		.cfi_endproc
 126              	.LFE584:
 128              		.text
 129              	.Letext0:
 130              		.file 2 "/usr/arm-none-eabi/include/machine/_default_types.h"
 131              		.file 3 "/usr/arm-none-eabi/include/sys/_stdint.h"
 132              		.file 4 "Drivers/CMSIS/Include/core_cm3.h"
 133              		.file 5 "Drivers/CMSIS/Device/ST/STM32F1xx/Include/system_stm32f1xx.h"
 134              		.file 6 "Drivers/CMSIS/Device/ST/STM32F1xx/Include/stm32f103xb.h"
 135              		.file 7 "/usr/arm-none-eabi/include/sys/lock.h"
 136              		.file 8 "/usr/arm-none-eabi/include/sys/_types.h"
 137              		.file 9 "/usr/lib/gcc/arm-none-eabi/8.2.0/include/stddef.h"
 138              		.file 10 "/usr/arm-none-eabi/include/sys/reent.h"
ARM GAS  /tmp/ccZY7pGg.s 			page 5


 139              		.file 11 "Drivers/STM32F1xx_HAL_Driver/Inc/stm32f1xx_ll_dma.h"
 140              		.file 12 "Drivers/STM32F1xx_HAL_Driver/Inc/stm32f1xx_hal_cortex.h"
ARM GAS  /tmp/ccZY7pGg.s 			page 6


DEFINED SYMBOLS
                            *ABS*:0000000000000000 stm32f1xx_hal_msp.c
     /tmp/ccZY7pGg.s:16     .text.HAL_MspInit:0000000000000000 $t
     /tmp/ccZY7pGg.s:24     .text.HAL_MspInit:0000000000000000 HAL_MspInit
     /tmp/ccZY7pGg.s:123    .text.HAL_MspInit:0000000000000088 $d

UNDEFINED SYMBOLS
HAL_NVIC_SetPriorityGrouping
HAL_NVIC_SetPriority
