ARM GAS  /tmp/ccLtgB4n.s 			page 1


   1              		.cpu cortex-m3
   2              		.eabi_attribute 20, 1
   3              		.eabi_attribute 21, 1
   4              		.eabi_attribute 23, 3
   5              		.eabi_attribute 24, 1
   6              		.eabi_attribute 25, 1
   7              		.eabi_attribute 26, 1
   8              		.eabi_attribute 30, 1
   9              		.eabi_attribute 34, 1
  10              		.eabi_attribute 18, 4
  11              		.file	"stm32f1xx_it.c"
  12              		.text
  13              	.Ltext0:
  14              		.cfi_sections	.debug_frame
  15              		.section	.text.NMI_Handler,"ax",%progbits
  16              		.align	1
  17              		.global	NMI_Handler
  18              		.arch armv7-m
  19              		.syntax unified
  20              		.thumb
  21              		.thumb_func
  22              		.fpu softvfp
  24              	NMI_Handler:
  25              	.LFB589:
  26              		.file 1 "Src/stm32f1xx_it.c"
   1:Src/stm32f1xx_it.c **** /**
   2:Src/stm32f1xx_it.c ****   ******************************************************************************
   3:Src/stm32f1xx_it.c ****   * @file    stm32f1xx_it.c
   4:Src/stm32f1xx_it.c ****   * @brief   Interrupt Service Routines.
   5:Src/stm32f1xx_it.c ****   ******************************************************************************
   6:Src/stm32f1xx_it.c ****   *
   7:Src/stm32f1xx_it.c ****   * COPYRIGHT(c) 2018 STMicroelectronics
   8:Src/stm32f1xx_it.c ****   *
   9:Src/stm32f1xx_it.c ****   * Redistribution and use in source and binary forms, with or without modification,
  10:Src/stm32f1xx_it.c ****   * are permitted provided that the following conditions are met:
  11:Src/stm32f1xx_it.c ****   *   1. Redistributions of source code must retain the above copyright notice,
  12:Src/stm32f1xx_it.c ****   *      this list of conditions and the following disclaimer.
  13:Src/stm32f1xx_it.c ****   *   2. Redistributions in binary form must reproduce the above copyright notice,
  14:Src/stm32f1xx_it.c ****   *      this list of conditions and the following disclaimer in the documentation
  15:Src/stm32f1xx_it.c ****   *      and/or other materials provided with the distribution.
  16:Src/stm32f1xx_it.c ****   *   3. Neither the name of STMicroelectronics nor the names of its contributors
  17:Src/stm32f1xx_it.c ****   *      may be used to endorse or promote products derived from this software
  18:Src/stm32f1xx_it.c ****   *      without specific prior written permission.
  19:Src/stm32f1xx_it.c ****   *
  20:Src/stm32f1xx_it.c ****   * THIS SOFTWARE IS PROVIDED BY THE COPYRIGHT HOLDERS AND CONTRIBUTORS "AS IS"
  21:Src/stm32f1xx_it.c ****   * AND ANY EXPRESS OR IMPLIED WARRANTIES, INCLUDING, BUT NOT LIMITED TO, THE
  22:Src/stm32f1xx_it.c ****   * IMPLIED WARRANTIES OF MERCHANTABILITY AND FITNESS FOR A PARTICULAR PURPOSE ARE
  23:Src/stm32f1xx_it.c ****   * DISCLAIMED. IN NO EVENT SHALL THE COPYRIGHT HOLDER OR CONTRIBUTORS BE LIABLE
  24:Src/stm32f1xx_it.c ****   * FOR ANY DIRECT, INDIRECT, INCIDENTAL, SPECIAL, EXEMPLARY, OR CONSEQUENTIAL
  25:Src/stm32f1xx_it.c ****   * DAMAGES (INCLUDING, BUT NOT LIMITED TO, PROCUREMENT OF SUBSTITUTE GOODS OR
  26:Src/stm32f1xx_it.c ****   * SERVICES; LOSS OF USE, DATA, OR PROFITS; OR BUSINESS INTERRUPTION) HOWEVER
  27:Src/stm32f1xx_it.c ****   * CAUSED AND ON ANY THEORY OF LIABILITY, WHETHER IN CONTRACT, STRICT LIABILITY,
  28:Src/stm32f1xx_it.c ****   * OR TORT (INCLUDING NEGLIGENCE OR OTHERWISE) ARISING IN ANY WAY OUT OF THE USE
  29:Src/stm32f1xx_it.c ****   * OF THIS SOFTWARE, EVEN IF ADVISED OF THE POSSIBILITY OF SUCH DAMAGE.
  30:Src/stm32f1xx_it.c ****   *
  31:Src/stm32f1xx_it.c ****   ******************************************************************************
  32:Src/stm32f1xx_it.c ****   */
ARM GAS  /tmp/ccLtgB4n.s 			page 2


  33:Src/stm32f1xx_it.c **** /* Includes ------------------------------------------------------------------*/
  34:Src/stm32f1xx_it.c **** #include "stm32f1xx_hal.h"
  35:Src/stm32f1xx_it.c **** #include "stm32f1xx.h"
  36:Src/stm32f1xx_it.c **** #include "stm32f1xx_it.h"
  37:Src/stm32f1xx_it.c **** #include "cmsis_os.h"
  38:Src/stm32f1xx_it.c **** 
  39:Src/stm32f1xx_it.c **** /* USER CODE BEGIN 0 */
  40:Src/stm32f1xx_it.c **** 
  41:Src/stm32f1xx_it.c **** /* USER CODE END 0 */
  42:Src/stm32f1xx_it.c **** 
  43:Src/stm32f1xx_it.c **** /* External variables --------------------------------------------------------*/
  44:Src/stm32f1xx_it.c **** 
  45:Src/stm32f1xx_it.c **** extern TIM_HandleTypeDef htim1;
  46:Src/stm32f1xx_it.c **** 
  47:Src/stm32f1xx_it.c **** /******************************************************************************/
  48:Src/stm32f1xx_it.c **** /*            Cortex-M3 Processor Interruption and Exception Handlers         */ 
  49:Src/stm32f1xx_it.c **** /******************************************************************************/
  50:Src/stm32f1xx_it.c **** 
  51:Src/stm32f1xx_it.c **** /**
  52:Src/stm32f1xx_it.c **** * @brief This function handles Non maskable interrupt.
  53:Src/stm32f1xx_it.c **** */
  54:Src/stm32f1xx_it.c **** void NMI_Handler(void)
  55:Src/stm32f1xx_it.c **** {
  27              		.loc 1 55 1 view -0
  28              		.cfi_startproc
  29              		@ args = 0, pretend = 0, frame = 0
  30              		@ frame_needed = 0, uses_anonymous_args = 0
  31              		@ link register save eliminated.
  56:Src/stm32f1xx_it.c ****   /* USER CODE BEGIN NonMaskableInt_IRQn 0 */
  57:Src/stm32f1xx_it.c **** 
  58:Src/stm32f1xx_it.c ****   /* USER CODE END NonMaskableInt_IRQn 0 */
  59:Src/stm32f1xx_it.c ****   /* USER CODE BEGIN NonMaskableInt_IRQn 1 */
  60:Src/stm32f1xx_it.c **** 
  61:Src/stm32f1xx_it.c ****   /* USER CODE END NonMaskableInt_IRQn 1 */
  62:Src/stm32f1xx_it.c **** }
  32              		.loc 1 62 1 view .LVU1
  33 0000 7047     		bx	lr
  34              		.cfi_endproc
  35              	.LFE589:
  37              		.section	.text.HardFault_Handler,"ax",%progbits
  38              		.align	1
  39              		.global	HardFault_Handler
  40              		.syntax unified
  41              		.thumb
  42              		.thumb_func
  43              		.fpu softvfp
  45              	HardFault_Handler:
  46              	.LFB590:
  63:Src/stm32f1xx_it.c **** 
  64:Src/stm32f1xx_it.c **** /**
  65:Src/stm32f1xx_it.c **** * @brief This function handles Hard fault interrupt.
  66:Src/stm32f1xx_it.c **** */
  67:Src/stm32f1xx_it.c **** void HardFault_Handler(void)
  68:Src/stm32f1xx_it.c **** {
  47              		.loc 1 68 1 view -0
  48              		.cfi_startproc
  49              		@ Volatile: function does not return.
ARM GAS  /tmp/ccLtgB4n.s 			page 3


  50              		@ args = 0, pretend = 0, frame = 0
  51              		@ frame_needed = 0, uses_anonymous_args = 0
  52              		@ link register save eliminated.
  53              	.L3:
  69:Src/stm32f1xx_it.c ****   /* USER CODE BEGIN HardFault_IRQn 0 */
  70:Src/stm32f1xx_it.c **** 
  71:Src/stm32f1xx_it.c ****   /* USER CODE END HardFault_IRQn 0 */
  72:Src/stm32f1xx_it.c ****   while (1)
  54              		.loc 1 72 3 discriminator 1 view .LVU3
  73:Src/stm32f1xx_it.c ****   {
  74:Src/stm32f1xx_it.c ****     /* USER CODE BEGIN W1_HardFault_IRQn 0 */
  75:Src/stm32f1xx_it.c ****     /* USER CODE END W1_HardFault_IRQn 0 */
  76:Src/stm32f1xx_it.c ****   }
  55              		.loc 1 76 3 discriminator 1 view .LVU4
  56 0000 FEE7     		b	.L3
  57              		.cfi_endproc
  58              	.LFE590:
  60              		.section	.text.MemManage_Handler,"ax",%progbits
  61              		.align	1
  62              		.global	MemManage_Handler
  63              		.syntax unified
  64              		.thumb
  65              		.thumb_func
  66              		.fpu softvfp
  68              	MemManage_Handler:
  69              	.LFB591:
  77:Src/stm32f1xx_it.c ****   /* USER CODE BEGIN HardFault_IRQn 1 */
  78:Src/stm32f1xx_it.c **** 
  79:Src/stm32f1xx_it.c ****   /* USER CODE END HardFault_IRQn 1 */
  80:Src/stm32f1xx_it.c **** }
  81:Src/stm32f1xx_it.c **** 
  82:Src/stm32f1xx_it.c **** /**
  83:Src/stm32f1xx_it.c **** * @brief This function handles Memory management fault.
  84:Src/stm32f1xx_it.c **** */
  85:Src/stm32f1xx_it.c **** void MemManage_Handler(void)
  86:Src/stm32f1xx_it.c **** {
  70              		.loc 1 86 1 view -0
  71              		.cfi_startproc
  72              		@ Volatile: function does not return.
  73              		@ args = 0, pretend = 0, frame = 0
  74              		@ frame_needed = 0, uses_anonymous_args = 0
  75              		@ link register save eliminated.
  76              	.L5:
  87:Src/stm32f1xx_it.c ****   /* USER CODE BEGIN MemoryManagement_IRQn 0 */
  88:Src/stm32f1xx_it.c **** 
  89:Src/stm32f1xx_it.c ****   /* USER CODE END MemoryManagement_IRQn 0 */
  90:Src/stm32f1xx_it.c ****   while (1)
  77              		.loc 1 90 3 discriminator 1 view .LVU6
  91:Src/stm32f1xx_it.c ****   {
  92:Src/stm32f1xx_it.c ****     /* USER CODE BEGIN W1_MemoryManagement_IRQn 0 */
  93:Src/stm32f1xx_it.c ****     /* USER CODE END W1_MemoryManagement_IRQn 0 */
  94:Src/stm32f1xx_it.c ****   }
  78              		.loc 1 94 3 discriminator 1 view .LVU7
  79 0000 FEE7     		b	.L5
  80              		.cfi_endproc
  81              	.LFE591:
  83              		.section	.text.BusFault_Handler,"ax",%progbits
ARM GAS  /tmp/ccLtgB4n.s 			page 4


  84              		.align	1
  85              		.global	BusFault_Handler
  86              		.syntax unified
  87              		.thumb
  88              		.thumb_func
  89              		.fpu softvfp
  91              	BusFault_Handler:
  92              	.LFB592:
  95:Src/stm32f1xx_it.c ****   /* USER CODE BEGIN MemoryManagement_IRQn 1 */
  96:Src/stm32f1xx_it.c **** 
  97:Src/stm32f1xx_it.c ****   /* USER CODE END MemoryManagement_IRQn 1 */
  98:Src/stm32f1xx_it.c **** }
  99:Src/stm32f1xx_it.c **** 
 100:Src/stm32f1xx_it.c **** /**
 101:Src/stm32f1xx_it.c **** * @brief This function handles Prefetch fault, memory access fault.
 102:Src/stm32f1xx_it.c **** */
 103:Src/stm32f1xx_it.c **** void BusFault_Handler(void)
 104:Src/stm32f1xx_it.c **** {
  93              		.loc 1 104 1 view -0
  94              		.cfi_startproc
  95              		@ Volatile: function does not return.
  96              		@ args = 0, pretend = 0, frame = 0
  97              		@ frame_needed = 0, uses_anonymous_args = 0
  98              		@ link register save eliminated.
  99              	.L7:
 105:Src/stm32f1xx_it.c ****   /* USER CODE BEGIN BusFault_IRQn 0 */
 106:Src/stm32f1xx_it.c **** 
 107:Src/stm32f1xx_it.c ****   /* USER CODE END BusFault_IRQn 0 */
 108:Src/stm32f1xx_it.c ****   while (1)
 100              		.loc 1 108 3 discriminator 1 view .LVU9
 109:Src/stm32f1xx_it.c ****   {
 110:Src/stm32f1xx_it.c ****     /* USER CODE BEGIN W1_BusFault_IRQn 0 */
 111:Src/stm32f1xx_it.c ****     /* USER CODE END W1_BusFault_IRQn 0 */
 112:Src/stm32f1xx_it.c ****   }
 101              		.loc 1 112 3 discriminator 1 view .LVU10
 102 0000 FEE7     		b	.L7
 103              		.cfi_endproc
 104              	.LFE592:
 106              		.section	.text.UsageFault_Handler,"ax",%progbits
 107              		.align	1
 108              		.global	UsageFault_Handler
 109              		.syntax unified
 110              		.thumb
 111              		.thumb_func
 112              		.fpu softvfp
 114              	UsageFault_Handler:
 115              	.LFB593:
 113:Src/stm32f1xx_it.c ****   /* USER CODE BEGIN BusFault_IRQn 1 */
 114:Src/stm32f1xx_it.c **** 
 115:Src/stm32f1xx_it.c ****   /* USER CODE END BusFault_IRQn 1 */
 116:Src/stm32f1xx_it.c **** }
 117:Src/stm32f1xx_it.c **** 
 118:Src/stm32f1xx_it.c **** /**
 119:Src/stm32f1xx_it.c **** * @brief This function handles Undefined instruction or illegal state.
 120:Src/stm32f1xx_it.c **** */
 121:Src/stm32f1xx_it.c **** void UsageFault_Handler(void)
 122:Src/stm32f1xx_it.c **** {
ARM GAS  /tmp/ccLtgB4n.s 			page 5


 116              		.loc 1 122 1 view -0
 117              		.cfi_startproc
 118              		@ Volatile: function does not return.
 119              		@ args = 0, pretend = 0, frame = 0
 120              		@ frame_needed = 0, uses_anonymous_args = 0
 121              		@ link register save eliminated.
 122              	.L9:
 123:Src/stm32f1xx_it.c ****   /* USER CODE BEGIN UsageFault_IRQn 0 */
 124:Src/stm32f1xx_it.c **** 
 125:Src/stm32f1xx_it.c ****   /* USER CODE END UsageFault_IRQn 0 */
 126:Src/stm32f1xx_it.c ****   while (1)
 123              		.loc 1 126 3 discriminator 1 view .LVU12
 127:Src/stm32f1xx_it.c ****   {
 128:Src/stm32f1xx_it.c ****     /* USER CODE BEGIN W1_UsageFault_IRQn 0 */
 129:Src/stm32f1xx_it.c ****     /* USER CODE END W1_UsageFault_IRQn 0 */
 130:Src/stm32f1xx_it.c ****   }
 124              		.loc 1 130 3 discriminator 1 view .LVU13
 125 0000 FEE7     		b	.L9
 126              		.cfi_endproc
 127              	.LFE593:
 129              		.section	.text.DebugMon_Handler,"ax",%progbits
 130              		.align	1
 131              		.global	DebugMon_Handler
 132              		.syntax unified
 133              		.thumb
 134              		.thumb_func
 135              		.fpu softvfp
 137              	DebugMon_Handler:
 138              	.LFB594:
 131:Src/stm32f1xx_it.c ****   /* USER CODE BEGIN UsageFault_IRQn 1 */
 132:Src/stm32f1xx_it.c **** 
 133:Src/stm32f1xx_it.c ****   /* USER CODE END UsageFault_IRQn 1 */
 134:Src/stm32f1xx_it.c **** }
 135:Src/stm32f1xx_it.c **** 
 136:Src/stm32f1xx_it.c **** /**
 137:Src/stm32f1xx_it.c **** * @brief This function handles Debug monitor.
 138:Src/stm32f1xx_it.c **** */
 139:Src/stm32f1xx_it.c **** void DebugMon_Handler(void)
 140:Src/stm32f1xx_it.c **** {
 139              		.loc 1 140 1 view -0
 140              		.cfi_startproc
 141              		@ args = 0, pretend = 0, frame = 0
 142              		@ frame_needed = 0, uses_anonymous_args = 0
 143              		@ link register save eliminated.
 141:Src/stm32f1xx_it.c ****   /* USER CODE BEGIN DebugMonitor_IRQn 0 */
 142:Src/stm32f1xx_it.c **** 
 143:Src/stm32f1xx_it.c ****   /* USER CODE END DebugMonitor_IRQn 0 */
 144:Src/stm32f1xx_it.c ****   /* USER CODE BEGIN DebugMonitor_IRQn 1 */
 145:Src/stm32f1xx_it.c **** 
 146:Src/stm32f1xx_it.c ****   /* USER CODE END DebugMonitor_IRQn 1 */
 147:Src/stm32f1xx_it.c **** }
 144              		.loc 1 147 1 view .LVU15
 145 0000 7047     		bx	lr
 146              		.cfi_endproc
 147              	.LFE594:
 149              		.section	.text.SysTick_Handler,"ax",%progbits
 150              		.align	1
ARM GAS  /tmp/ccLtgB4n.s 			page 6


 151              		.global	SysTick_Handler
 152              		.syntax unified
 153              		.thumb
 154              		.thumb_func
 155              		.fpu softvfp
 157              	SysTick_Handler:
 158              	.LFB595:
 148:Src/stm32f1xx_it.c **** 
 149:Src/stm32f1xx_it.c **** /**
 150:Src/stm32f1xx_it.c **** * @brief This function handles System tick timer.
 151:Src/stm32f1xx_it.c **** */
 152:Src/stm32f1xx_it.c **** void SysTick_Handler(void)
 153:Src/stm32f1xx_it.c **** {
 159              		.loc 1 153 1 view -0
 160              		.cfi_startproc
 161              		@ args = 0, pretend = 0, frame = 0
 162              		@ frame_needed = 0, uses_anonymous_args = 0
 163 0000 08B5     		push	{r3, lr}
 164              	.LCFI0:
 165              		.cfi_def_cfa_offset 8
 166              		.cfi_offset 3, -8
 167              		.cfi_offset 14, -4
 154:Src/stm32f1xx_it.c ****   /* USER CODE BEGIN SysTick_IRQn 0 */
 155:Src/stm32f1xx_it.c **** 
 156:Src/stm32f1xx_it.c ****   /* USER CODE END SysTick_IRQn 0 */
 157:Src/stm32f1xx_it.c ****   osSystickHandler();
 168              		.loc 1 157 3 view .LVU17
 169 0002 FFF7FEFF 		bl	osSystickHandler
 170              	.LVL0:
 158:Src/stm32f1xx_it.c ****   /* USER CODE BEGIN SysTick_IRQn 1 */
 159:Src/stm32f1xx_it.c **** 
 160:Src/stm32f1xx_it.c ****   /* USER CODE END SysTick_IRQn 1 */
 161:Src/stm32f1xx_it.c **** }
 171              		.loc 1 161 1 is_stmt 0 view .LVU18
 172 0006 08BD     		pop	{r3, pc}
 173              		.cfi_endproc
 174              	.LFE595:
 176              		.section	.text.TIM1_UP_IRQHandler,"ax",%progbits
 177              		.align	1
 178              		.global	TIM1_UP_IRQHandler
 179              		.syntax unified
 180              		.thumb
 181              		.thumb_func
 182              		.fpu softvfp
 184              	TIM1_UP_IRQHandler:
 185              	.LFB596:
 162:Src/stm32f1xx_it.c **** 
 163:Src/stm32f1xx_it.c **** /******************************************************************************/
 164:Src/stm32f1xx_it.c **** /* STM32F1xx Peripheral Interrupt Handlers                                    */
 165:Src/stm32f1xx_it.c **** /* Add here the Interrupt Handlers for the used peripherals.                  */
 166:Src/stm32f1xx_it.c **** /* For the available peripheral interrupt handler names,                      */
 167:Src/stm32f1xx_it.c **** /* please refer to the startup file (startup_stm32f1xx.s).                    */
 168:Src/stm32f1xx_it.c **** /******************************************************************************/
 169:Src/stm32f1xx_it.c **** 
 170:Src/stm32f1xx_it.c **** /**
 171:Src/stm32f1xx_it.c **** * @brief This function handles TIM1 update interrupt.
 172:Src/stm32f1xx_it.c **** */
ARM GAS  /tmp/ccLtgB4n.s 			page 7


 173:Src/stm32f1xx_it.c **** void TIM1_UP_IRQHandler(void)
 174:Src/stm32f1xx_it.c **** {
 186              		.loc 1 174 1 is_stmt 1 view -0
 187              		.cfi_startproc
 188              		@ args = 0, pretend = 0, frame = 0
 189              		@ frame_needed = 0, uses_anonymous_args = 0
 190 0000 08B5     		push	{r3, lr}
 191              	.LCFI1:
 192              		.cfi_def_cfa_offset 8
 193              		.cfi_offset 3, -8
 194              		.cfi_offset 14, -4
 175:Src/stm32f1xx_it.c ****   /* USER CODE BEGIN TIM1_UP_IRQn 0 */
 176:Src/stm32f1xx_it.c **** 
 177:Src/stm32f1xx_it.c ****   /* USER CODE END TIM1_UP_IRQn 0 */
 178:Src/stm32f1xx_it.c ****   HAL_TIM_IRQHandler(&htim1);
 195              		.loc 1 178 3 view .LVU20
 196 0002 0248     		ldr	r0, .L15
 197 0004 FFF7FEFF 		bl	HAL_TIM_IRQHandler
 198              	.LVL1:
 179:Src/stm32f1xx_it.c ****   /* USER CODE BEGIN TIM1_UP_IRQn 1 */
 180:Src/stm32f1xx_it.c **** 
 181:Src/stm32f1xx_it.c ****   /* USER CODE END TIM1_UP_IRQn 1 */
 182:Src/stm32f1xx_it.c **** }
 199              		.loc 1 182 1 is_stmt 0 view .LVU21
 200 0008 08BD     		pop	{r3, pc}
 201              	.L16:
 202 000a 00BF     		.align	2
 203              	.L15:
 204 000c 00000000 		.word	htim1
 205              		.cfi_endproc
 206              	.LFE596:
 208              		.text
 209              	.Letext0:
 210              		.file 2 "/usr/arm-none-eabi/include/machine/_default_types.h"
 211              		.file 3 "/usr/arm-none-eabi/include/sys/_stdint.h"
 212              		.file 4 "Drivers/CMSIS/Include/core_cm3.h"
 213              		.file 5 "Drivers/CMSIS/Device/ST/STM32F1xx/Include/system_stm32f1xx.h"
 214              		.file 6 "Drivers/CMSIS/Device/ST/STM32F1xx/Include/stm32f103xb.h"
 215              		.file 7 "/usr/arm-none-eabi/include/sys/lock.h"
 216              		.file 8 "/usr/arm-none-eabi/include/sys/_types.h"
 217              		.file 9 "/usr/lib/gcc/arm-none-eabi/8.2.0/include/stddef.h"
 218              		.file 10 "/usr/arm-none-eabi/include/sys/reent.h"
 219              		.file 11 "Drivers/STM32F1xx_HAL_Driver/Inc/stm32f1xx_hal_def.h"
 220              		.file 12 "Drivers/STM32F1xx_HAL_Driver/Inc/stm32f1xx_hal_dma.h"
 221              		.file 13 "Drivers/STM32F1xx_HAL_Driver/Inc/stm32f1xx_hal_tim.h"
 222              		.file 14 "Middlewares/Third_Party/FreeRTOS/Source/CMSIS_RTOS/cmsis_os.h"
 223              		.file 15 "Drivers/STM32F1xx_HAL_Driver/Inc/stm32f1xx_ll_dma.h"
ARM GAS  /tmp/ccLtgB4n.s 			page 8


DEFINED SYMBOLS
                            *ABS*:0000000000000000 stm32f1xx_it.c
     /tmp/ccLtgB4n.s:16     .text.NMI_Handler:0000000000000000 $t
     /tmp/ccLtgB4n.s:24     .text.NMI_Handler:0000000000000000 NMI_Handler
     /tmp/ccLtgB4n.s:38     .text.HardFault_Handler:0000000000000000 $t
     /tmp/ccLtgB4n.s:45     .text.HardFault_Handler:0000000000000000 HardFault_Handler
     /tmp/ccLtgB4n.s:61     .text.MemManage_Handler:0000000000000000 $t
     /tmp/ccLtgB4n.s:68     .text.MemManage_Handler:0000000000000000 MemManage_Handler
     /tmp/ccLtgB4n.s:84     .text.BusFault_Handler:0000000000000000 $t
     /tmp/ccLtgB4n.s:91     .text.BusFault_Handler:0000000000000000 BusFault_Handler
     /tmp/ccLtgB4n.s:107    .text.UsageFault_Handler:0000000000000000 $t
     /tmp/ccLtgB4n.s:114    .text.UsageFault_Handler:0000000000000000 UsageFault_Handler
     /tmp/ccLtgB4n.s:130    .text.DebugMon_Handler:0000000000000000 $t
     /tmp/ccLtgB4n.s:137    .text.DebugMon_Handler:0000000000000000 DebugMon_Handler
     /tmp/ccLtgB4n.s:150    .text.SysTick_Handler:0000000000000000 $t
     /tmp/ccLtgB4n.s:157    .text.SysTick_Handler:0000000000000000 SysTick_Handler
     /tmp/ccLtgB4n.s:177    .text.TIM1_UP_IRQHandler:0000000000000000 $t
     /tmp/ccLtgB4n.s:184    .text.TIM1_UP_IRQHandler:0000000000000000 TIM1_UP_IRQHandler
     /tmp/ccLtgB4n.s:204    .text.TIM1_UP_IRQHandler:000000000000000c $d

UNDEFINED SYMBOLS
osSystickHandler
HAL_TIM_IRQHandler
htim1
